mode: set
waf-tester/pkg/client/client.go:50.36,51.22 1 0
waf-tester/pkg/client/client.go:51.22,53.3 1 0
waf-tester/pkg/client/client.go:54.2,54.22 1 0
waf-tester/pkg/client/client.go:54.22,56.3 1 0
waf-tester/pkg/client/client.go:57.2,57.24 1 0
waf-tester/pkg/client/client.go:57.24,59.3 1 0
waf-tester/pkg/client/client.go:61.2,66.3 1 0
waf-tester/pkg/client/client.go:70.54,73.2 2 0
waf-tester/pkg/client/client.go:76.54,79.2 2 0
waf-tester/pkg/client/client.go:82.69,84.16 2 0
waf-tester/pkg/client/client.go:84.16,86.3 1 0
waf-tester/pkg/client/client.go:88.2,88.28 1 0
waf-tester/pkg/client/client.go:92.69,94.16 2 0
waf-tester/pkg/client/client.go:94.16,96.3 1 0
waf-tester/pkg/client/client.go:99.2,100.35 2 0
waf-tester/pkg/client/client.go:100.35,102.3 1 0
waf-tester/pkg/client/client.go:104.2,104.24 1 0
waf-tester/pkg/client/client.go:104.24,108.3 1 0
waf-tester/pkg/client/client.go:112.2,122.33 2 0
waf-tester/pkg/client/client.go:126.97,128.16 2 0
waf-tester/pkg/client/client.go:128.16,130.3 1 0
waf-tester/pkg/client/client.go:132.2,132.44 1 0
waf-tester/pkg/client/client.go:136.74,140.42 3 0
waf-tester/pkg/client/client.go:140.42,144.17 3 0
waf-tester/pkg/client/client.go:144.17,151.12 2 0
waf-tester/pkg/client/client.go:154.3,162.5 2 0
waf-tester/pkg/client/client.go:166.2,167.37 2 0
waf-tester/pkg/client/client.go:167.37,168.20 1 0
waf-tester/pkg/client/client.go:168.20,170.4 1 0
waf-tester/pkg/client/client.go:173.2,180.8 1 0
waf-tester/pkg/client/client.go:184.106,188.42 3 0
waf-tester/pkg/client/client.go:188.42,189.10 1 0
waf-tester/pkg/client/client.go:190.21,191.25 1 0
waf-tester/pkg/client/client.go:192.11,192.11 0 0
waf-tester/pkg/client/client.go:195.3,198.17 3 0
waf-tester/pkg/client/client.go:198.17,205.12 2 0
waf-tester/pkg/client/client.go:208.3,216.5 2 0
waf-tester/pkg/client/client.go:220.2,221.37 2 0
waf-tester/pkg/client/client.go:221.37,222.20 1 0
waf-tester/pkg/client/client.go:222.20,224.4 1 0
waf-tester/pkg/client/client.go:227.2,234.8 1 0
waf-tester/cmd/waf-tester/main.go:28.13,63.42 13 0
waf-tester/cmd/waf-tester/main.go:63.42,66.3 2 0
waf-tester/cmd/waf-tester/main.go:69.56,83.23 7 0
waf-tester/cmd/waf-tester/main.go:83.23,85.3 1 0
waf-tester/cmd/waf-tester/main.go:85.8,87.22 2 0
waf-tester/cmd/waf-tester/main.go:87.22,89.4 1 0
waf-tester/cmd/waf-tester/main.go:90.3,90.34 1 0
waf-tester/cmd/waf-tester/main.go:93.2,93.16 1 0
waf-tester/cmd/waf-tester/main.go:93.16,95.3 1 0
waf-tester/cmd/waf-tester/main.go:97.2,97.21 1 0
waf-tester/cmd/waf-tester/main.go:97.21,100.3 2 0
waf-tester/cmd/waf-tester/main.go:102.2,102.28 1 0
waf-tester/cmd/waf-tester/main.go:105.61,117.23 7 0
waf-tester/cmd/waf-tester/main.go:117.23,119.3 1 0
waf-tester/cmd/waf-tester/main.go:119.8,121.22 2 0
waf-tester/cmd/waf-tester/main.go:121.22,123.4 1 0
waf-tester/cmd/waf-tester/main.go:124.3,124.34 1 0
waf-tester/cmd/waf-tester/main.go:127.2,127.16 1 0
waf-tester/cmd/waf-tester/main.go:127.16,129.3 1 0
waf-tester/cmd/waf-tester/main.go:131.2,135.12 2 0
waf-tester/cmd/waf-tester/main.go:138.50,145.29 5 0
waf-tester/cmd/waf-tester/main.go:145.29,154.22 4 0
waf-tester/cmd/waf-tester/main.go:154.22,159.4 4 0
waf-tester/cmd/waf-tester/main.go:159.9,164.4 4 0
waf-tester/cmd/waf-tester/main.go:167.2,172.57 4 0
waf-tester/cmd/waf-tester/main.go:172.57,174.3 1 0
waf-tester/cmd/waf-tester/main.go:176.2,176.33 1 0
waf-tester/cmd/waf-tester/main.go:176.33,178.3 1 0
waf-tester/cmd/waf-tester/main.go:180.2,180.12 1 0
waf-tester/cmd/waf-tester/main.go:183.187,186.42 2 0
waf-tester/cmd/waf-tester/main.go:186.42,190.17 3 0
waf-tester/cmd/waf-tester/main.go:190.17,195.12 2 0
waf-tester/cmd/waf-tester/main.go:198.3,204.30 5 0
waf-tester/cmd/waf-tester/main.go:207.2,207.16 1 0
waf-tester/cmd/waf-tester/main.go:210.206,218.42 6 0
waf-tester/cmd/waf-tester/main.go:218.42,220.26 2 0
waf-tester/cmd/waf-tester/main.go:220.26,224.17 3 0
waf-tester/cmd/waf-tester/main.go:224.17,224.32 1 0
waf-tester/cmd/waf-tester/main.go:226.4,229.18 3 0
waf-tester/cmd/waf-tester/main.go:229.18,235.5 2 0
waf-tester/cmd/waf-tester/main.go:237.4,246.31 7 0
waf-tester/cmd/waf-tester/main.go:250.2,251.16 2 0
waf-tester/cmd/waf-tester/main.go:254.20,257.2 2 1
waf-tester/cmd/waf-tester/main.go:259.36,261.16 2 1
waf-tester/cmd/waf-tester/main.go:261.16,263.3 1 1
waf-tester/cmd/waf-tester/main.go:264.2,264.21 1 1
waf-tester/internal/parser/yaml.go:17.26,21.2 1 1
waf-tester/internal/parser/yaml.go:23.70,25.16 2 1
waf-tester/internal/parser/yaml.go:25.16,27.3 1 1
waf-tester/internal/parser/yaml.go:29.2,29.26 1 1
waf-tester/internal/parser/yaml.go:32.66,35.55 2 1
waf-tester/internal/parser/yaml.go:35.55,37.3 1 1
waf-tester/internal/parser/yaml.go:39.2,39.53 1 1
waf-tester/internal/parser/yaml.go:39.53,41.3 1 1
waf-tester/internal/parser/yaml.go:43.2,43.22 1 1
waf-tester/internal/parser/yaml.go:46.72,49.81 2 1
waf-tester/internal/parser/yaml.go:49.81,50.17 1 1
waf-tester/internal/parser/yaml.go:50.17,52.4 1 1
waf-tester/internal/parser/yaml.go:54.3,54.87 1 1
waf-tester/internal/parser/yaml.go:54.87,56.23 2 1
waf-tester/internal/parser/yaml.go:56.23,58.5 1 1
waf-tester/internal/parser/yaml.go:59.4,59.31 1 1
waf-tester/internal/parser/yaml.go:62.3,62.13 1 1
waf-tester/internal/parser/yaml.go:65.2,65.16 1 1
waf-tester/internal/parser/yaml.go:65.16,67.3 1 1
waf-tester/internal/parser/yaml.go:69.2,69.19 1 1
waf-tester/internal/reporter/results.go:41.51,46.2 1 1
waf-tester/internal/reporter/results.go:48.186,50.24 2 1
waf-tester/internal/reporter/results.go:50.24,52.3 1 1
waf-tester/internal/reporter/results.go:54.2,62.3 1 1
waf-tester/internal/reporter/results.go:65.126,69.37 3 1
waf-tester/internal/reporter/results.go:69.37,70.30 1 1
waf-tester/internal/reporter/results.go:70.30,72.4 1 1
waf-tester/internal/reporter/results.go:72.9,74.4 1 1
waf-tester/internal/reporter/results.go:77.2,85.3 1 1
waf-tester/internal/reporter/results.go:88.56,89.18 1 1
waf-tester/internal/reporter/results.go:90.14,91.32 1 1
waf-tester/internal/reporter/results.go:92.14,93.32 1 1
waf-tester/internal/reporter/results.go:94.10,95.32 1 1
waf-tester/internal/reporter/results.go:99.58,100.18 1 1
waf-tester/internal/reporter/results.go:101.14,102.33 1 1
waf-tester/internal/reporter/results.go:103.14,104.33 1 1
waf-tester/internal/reporter/results.go:105.10,106.33 1 1
waf-tester/internal/reporter/results.go:110.63,111.20 1 1
waf-tester/internal/reporter/results.go:111.20,113.3 1 1
waf-tester/internal/reporter/results.go:115.2,118.18 3 1
waf-tester/internal/reporter/results.go:119.14,120.51 1 1
waf-tester/internal/reporter/results.go:121.10,122.51 1 0
waf-tester/internal/reporter/results.go:125.2,125.16 1 1
waf-tester/internal/reporter/results.go:125.16,127.3 1 0
waf-tester/internal/reporter/results.go:129.2,129.59 1 1
waf-tester/internal/reporter/results.go:129.59,131.3 1 1
waf-tester/internal/reporter/results.go:133.2,138.12 2 1
waf-tester/internal/reporter/results.go:141.60,143.16 2 1
waf-tester/internal/reporter/results.go:143.16,146.3 2 0
waf-tester/internal/reporter/results.go:147.2,147.27 1 1
waf-tester/internal/reporter/results.go:150.60,157.45 6 1
waf-tester/internal/reporter/results.go:157.45,159.54 2 1
waf-tester/internal/reporter/results.go:159.54,161.4 1 1
waf-tester/internal/reporter/results.go:164.2,164.47 1 1
waf-tester/internal/reporter/results.go:164.47,166.57 2 1
waf-tester/internal/reporter/results.go:166.57,168.4 1 1
waf-tester/internal/reporter/results.go:171.2,171.20 1 1
waf-tester/internal/reporter/results.go:174.62,176.16 2 1
waf-tester/internal/reporter/results.go:176.16,179.3 2 0
waf-tester/internal/reporter/results.go:180.2,180.27 1 1
waf-tester/internal/reporter/results.go:183.62,192.36 8 1
waf-tester/internal/reporter/results.go:192.36,194.3 1 1
waf-tester/internal/logger/logger.go:11.13,16.2 4 1
waf-tester/internal/logger/logger.go:18.29,19.15 1 1
waf-tester/internal/logger/logger.go:20.15,21.34 1 1
waf-tester/internal/logger/logger.go:22.14,23.33 1 1
waf-tester/internal/logger/logger.go:24.14,25.33 1 1
waf-tester/internal/logger/logger.go:26.15,27.34 1 1
waf-tester/internal/logger/logger.go:28.10,29.33 1 1
waf-tester/internal/logger/logger.go:33.34,34.16 1 1
waf-tester/internal/logger/logger.go:35.14,36.44 1 1
waf-tester/internal/logger/logger.go:37.14,40.5 1 1
waf-tester/internal/logger/logger.go:41.10,42.44 1 1
waf-tester/internal/logger/logger.go:46.33,48.2 1 1
waf-tester/internal/logger/logger.go:50.33,52.2 1 1
waf-tester/internal/logger/logger.go:54.32,56.2 1 1
waf-tester/internal/logger/logger.go:58.32,60.2 1 1
waf-tester/internal/logger/logger.go:62.33,64.2 1 1
waf-tester/internal/logger/logger.go:66.33,68.2 1 0
waf-tester/internal/logger/logger.go:70.53,72.2 1 1
waf-tester/internal/validator/response.go:22.48,24.2 1 1
waf-tester/internal/validator/response.go:26.129,42.28 6 1
waf-tester/internal/validator/response.go:42.28,44.3 1 1
waf-tester/internal/validator/response.go:46.2,53.15 2 1
waf-tester/internal/validator/response.go:56.130,57.31 1 1
waf-tester/internal/validator/response.go:57.31,60.3 2 1
waf-tester/internal/validator/response.go:62.2,62.49 1 1
waf-tester/internal/validator/response.go:62.49,63.44 1 1
waf-tester/internal/validator/response.go:63.44,69.4 2 1
waf-tester/internal/validator/response.go:72.2,76.4 1 1
waf-tester/internal/validator/response.go:79.127,80.32 1 1
waf-tester/internal/validator/response.go:80.32,82.3 1 1
waf-tester/internal/validator/response.go:84.2,84.59 1 1
waf-tester/internal/validator/response.go:84.59,86.14 2 1
waf-tester/internal/validator/response.go:86.14,91.12 2 1
waf-tester/internal/validator/response.go:94.3,94.52 1 1
waf-tester/internal/validator/response.go:94.52,101.4 1 1
waf-tester/internal/validator/response.go:105.124,106.26 1 1
waf-tester/internal/validator/response.go:106.26,108.3 1 1
waf-tester/internal/validator/response.go:110.2,112.30 2 1
waf-tester/internal/validator/response.go:112.30,113.42 1 1
waf-tester/internal/validator/response.go:113.42,119.4 1 1
waf-tester/internal/validator/response.go:120.3,120.9 1 1
waf-tester/internal/validator/response.go:123.2,123.30 1 1
waf-tester/internal/validator/response.go:123.30,125.17 2 1
waf-tester/internal/validator/response.go:125.17,132.4 2 1
waf-tester/internal/validator/response.go:133.3,133.15 1 1
waf-tester/internal/validator/response.go:133.15,138.4 1 1
waf-tester/internal/validator/response.go:139.3,139.9 1 1
waf-tester/internal/validator/response.go:142.2,142.57 1 1
waf-tester/internal/validator/response.go:142.57,143.57 1 1
waf-tester/internal/validator/response.go:143.57,148.4 1 1
waf-tester/internal/validator/response.go:151.2,151.63 1 1
waf-tester/internal/validator/response.go:151.63,152.59 1 1
waf-tester/internal/validator/response.go:152.59,157.4 1 1
waf-tester/internal/validator/response.go:161.147,162.73 1 1
waf-tester/internal/validator/response.go:162.73,163.50 1 1
waf-tester/internal/validator/response.go:166.2,167.27 2 1
waf-tester/internal/validator/response.go:167.27,169.3 1 1
waf-tester/internal/validator/response.go:171.2,171.16 1 1
waf-tester/internal/executor/http.go:29.59,30.18 1 1
waf-tester/internal/executor/http.go:30.18,32.3 1 1
waf-tester/internal/executor/http.go:34.2,38.3 1 1
waf-tester/internal/executor/http.go:41.90,51.16 4 1
waf-tester/internal/executor/http.go:51.16,53.3 1 0
waf-tester/internal/executor/http.go:55.2,56.16 2 1
waf-tester/internal/executor/http.go:56.16,58.3 1 0
waf-tester/internal/executor/http.go:60.2,61.16 2 1
waf-tester/internal/executor/http.go:61.16,63.3 1 1
waf-tester/internal/executor/http.go:64.2,67.16 3 1
waf-tester/internal/executor/http.go:67.16,69.3 1 0
waf-tester/internal/executor/http.go:71.2,86.22 4 1
waf-tester/internal/executor/http.go:89.122,99.16 4 1
waf-tester/internal/executor/http.go:99.16,101.3 1 0
waf-tester/internal/executor/http.go:103.2,104.16 2 1
waf-tester/internal/executor/http.go:104.16,106.3 1 0
waf-tester/internal/executor/http.go:108.2,111.16 3 1
waf-tester/internal/executor/http.go:111.16,113.3 1 1
waf-tester/internal/executor/http.go:114.2,117.16 3 1
waf-tester/internal/executor/http.go:117.16,119.3 1 0
waf-tester/internal/executor/http.go:121.2,136.22 4 1
waf-tester/internal/executor/http.go:139.71,141.16 2 1
waf-tester/internal/executor/http.go:141.16,143.3 1 1
waf-tester/internal/executor/http.go:145.2,146.16 2 1
waf-tester/internal/executor/http.go:146.16,148.3 1 1
waf-tester/internal/executor/http.go:150.2,150.49 1 1
waf-tester/internal/executor/http.go:153.99,155.26 2 1
waf-tester/internal/executor/http.go:155.26,157.3 1 1
waf-tester/internal/executor/http.go:159.2,160.16 2 1
waf-tester/internal/executor/http.go:160.16,162.3 1 1
waf-tester/internal/executor/http.go:164.2,164.44 1 1
waf-tester/internal/executor/http.go:164.44,166.3 1 1
waf-tester/internal/executor/http.go:168.2,168.17 1 1
waf-tester/internal/executor/http.go:171.78,173.35 2 1
waf-tester/internal/executor/http.go:173.35,175.3 1 1
waf-tester/internal/executor/http.go:176.2,176.15 1 1
